<?xml version="1.0" encoding="UTF-8"?>
<!-- Generated by org.testng.reporters.JUnitReportReporter -->
<testsuite skipped="0" hostname="DESKTOP-M3E2BR1" name="testCases.NewUser" tests="1" failures="0" timestamp="2021-02-12T06:01:25 IST" time="77.838" errors="0">
  <testcase name="runNewUser" time="77.838" classname="testCases.NewUser"/>
  <system-out/>
</testsuite> <!-- testCases.NewUser -->
