<?xml version="1.0" encoding="UTF-8"?>
<!-- Generated by org.testng.reporters.JUnitReportReporter -->
<testsuite skipped="0" hostname="DESKTOP-M3E2BR1" name="testCases.NewUser" tests="1" failures="0" timestamp="2021-02-17T12:47:42 IST" time="80.461" errors="0">
  <testcase name="runNewUser" time="80.461" classname="testCases.NewUser"/>
  <system-out/>
</testsuite> <!-- testCases.NewUser -->
