<?xml version="1.0" encoding="UTF-8"?>
<!-- Generated by org.testng.reporters.JUnitReportReporter -->
<testsuite skipped="0" hostname="DESKTOP-M3E2BR1" name="unitTesting.newUser" tests="1" failures="0" timestamp="2021-02-10T13:36:24 IST" time="79.216" errors="0">
  <testcase name="newUserLogin" time="79.216" classname="unitTesting.newUser"/>
  <system-out/>
</testsuite> <!-- unitTesting.newUser -->
